

Microchip MPLAB XC8 Assembler V2.10 build 88905656 
                                                                                               Sat Nov 09 15:07:27 2019

Microchip MPLAB XC8 C Compiler v2.10 (Free license) build 20190730164152 Og1 
     1                           	processor	18F452
     2                           	fnconf	rparam,??,?,0
     3                           	opt	pw 120
     4                           	opt	flic
     5                           	psect	idataCOMRAM,global,class=CODE,delta=1,noexec
     6                           	psect	cinit,global,reloc=2,class=CODE,delta=1
     7                           	psect	dataCOMRAM,global,class=COMRAM,space=1,delta=1,noexec
     8                           	psect	cstackCOMRAM,global,class=COMRAM,space=1,delta=1,noexec
     9                           	psect	text0,global,reloc=2,class=CODE,delta=1
    10                           	psect	intsave_regs,global,class=BIGRAM,space=1,delta=1,noexec
    11                           	psect	rparam,global,class=COMRAM,space=1,delta=1,noexec
    12  0000                     
    13                           ; Version 2.10
    14                           ; Generated 31/07/2019 GMT
    15                           ; 
    16                           ; Copyright © 2019, Microchip Technology Inc. and its subsidiaries ("Microchip")
    17                           ; All rights reserved.
    18                           ; 
    19                           ; This software is developed by Microchip Technology Inc. and its subsidiaries ("Microch
      +                          ip").
    20                           ; 
    21                           ; Redistribution and use in source and binary forms, with or without modification, are
    22                           ; permitted provided that the following conditions are met:
    23                           ; 
    24                           ;     1. Redistributions of source code must retain the above copyright notice, this lis
      +                          t of
    25                           ;        conditions and the following disclaimer.
    26                           ; 
    27                           ;     2. Redistributions in binary form must reproduce the above copyright notice, this 
      +                          list
    28                           ;        of conditions and the following disclaimer in the documentation and/or other
    29                           ;        materials provided with the distribution.
    30                           ; 
    31                           ;     3. Microchip's name may not be used to endorse or promote products derived from th
      +                          is
    32                           ;        software without specific prior written permission.
    33                           ; 
    34                           ; THIS SOFTWARE IS PROVIDED BY MICROCHIP "AS IS" AND ANY EXPRESS OR IMPLIED WARRANTIES,
    35                           ; INCLUDING, BUT NOT LIMITED TO, THE IMPLIED WARRANTIES OF MERCHANTABILITY AND FITNESS F
      +                          OR
    36                           ; PURPOSE ARE DISCLAIMED.  IN NO EVENT SHALL MICROCHIP BE LIABLE FOR ANY DIRECT, INDIREC
      +                          T,
    37                           ; INCIDENTAL, SPECIAL, EXEMPLARY, OR CONSEQUENTIAL DAMAGES (INCLUDING BUT NOT LIMITED TO
    38                           ; PROCUREMENT OF SUBSTITUTE GOODS OR SERVICES; LOSS OF USE, DATA OR PROFITS; OR BUSINESS
    39                           ; INTERRUPTION) HOWSOEVER CAUSED AND ON ANY THEORY OF LIABILITY, WHETHER IN CONTRACT, ST
      +                          RICT
    40                           ; LIABILITY, OR TORT (INCLUDING NEGLIGENCE OR OTHERWISE) ARISING IN ANY WAY OUT OF THE U
      +                          SE OF
    41                           ; THIS SOFTWARE, EVEN IF ADVISED OF THE POSSIBILITY OF SUCH DAMAGE.
    42                           ; 
    43                           ; 
    44                           ; Code-generator required, PIC18F452 Definitions
    45                           ; 
    46                           ; SFR Addresses
    47  0000                     
    48                           	psect	idataCOMRAM
    49  003FA2                     __pidataCOMRAM:
    50                           	opt callstack 0
    51                           
    52                           ;initializer for _p_PORTBdirection
    53  003FA2  93                 	db	147
    54  003FA3  0F                 	db	15
    55                           
    56                           ;initializer for _p_PORTBdata
    57  003FA4  81                 	db	129
    58  003FA5  0F                 	db	15
    59                           
    60                           ;initializer for _p_PORTAdirection
    61  003FA6  92                 	db	146
    62  003FA7  0F                 	db	15
    63                           
    64                           ;initializer for _p_PORTAdata
    65  003FA8  80                 	db	128
    66  003FA9  0F                 	db	15
    67                           
    68                           ; #config settings
    69  0000                     
    70                           	psect	cinit
    71  003FAA                     __pcinit:
    72                           	opt callstack 0
    73  003FAA                     start_initialization:
    74                           	opt callstack 0
    75  003FAA                     __initialization:
    76                           	opt callstack 0
    77                           
    78                           ; Initialize objects allocated to COMRAM (8 bytes)
    79                           ; load TBLPTR registers with __pidataCOMRAM
    80  003FAA  0EA2               	movlw	low __pidataCOMRAM
    81  003FAC  6EF6               	movwf	tblptrl,c
    82  003FAE  0E3F               	movlw	high __pidataCOMRAM
    83  003FB0  6EF7               	movwf	tblptrh,c
    84  003FB2  0E00               	movlw	low (__pidataCOMRAM shr (0+16))
    85  003FB4  6EF8               	movwf	tblptru,c
    86  003FB6  EE00  F001         	lfsr	0,__pdataCOMRAM
    87  003FBA  EE10 F008          	lfsr	1,8
    88  003FBE                     copy_data0:
    89  003FBE  0009               	tblrd		*+
    90  003FC0  CFF5 FFEE          	movff	tablat,postinc0
    91  003FC4  50E5               	movf	postdec1,w,c
    92  003FC6  50E1               	movf	fsr1l,w,c
    93  003FC8  E1FA               	bnz	copy_data0
    94  003FCA                     end_of_initialization:
    95                           	opt callstack 0
    96  003FCA                     __end_of__initialization:
    97                           	opt callstack 0
    98  003FCA  0100               	movlb	0
    99  003FCC  EFE8  F01F         	goto	_main	;jump to C main() function
   100                           
   101                           	psect	dataCOMRAM
   102  000001                     __pdataCOMRAM:
   103                           	opt callstack 0
   104  000001                     _p_PORTBdirection:
   105                           	opt callstack 0
   106  000001                     	ds	2
   107  000003                     _p_PORTBdata:
   108                           	opt callstack 0
   109  000003                     	ds	2
   110  000005                     _p_PORTAdirection:
   111                           	opt callstack 0
   112  000005                     	ds	2
   113  000007                     _p_PORTAdata:
   114                           	opt callstack 0
   115  000007                     	ds	2
   116                           
   117                           	psect	cstackCOMRAM
   118  000000                     __pcstackCOMRAM:
   119                           	opt callstack 0
   120  000000                     
   121                           ; 1 bytes @ 0x0
   122 ;;
   123 ;;Main: autosize = 0, tempsize = 0, incstack = 0, save=0
   124 ;;
   125 ;; *************** function _main *****************
   126 ;; Defined at:
   127 ;;		line 16 in file "main.c"
   128 ;; Parameters:    Size  Location     Type
   129 ;;		None
   130 ;; Auto vars:     Size  Location     Type
   131 ;;		None
   132 ;; Return value:  Size  Location     Type
   133 ;;                  1    wreg      void 
   134 ;; Registers used:
   135 ;;		None
   136 ;; Tracked objects:
   137 ;;		On entry : 0/0
   138 ;;		On exit  : 0/0
   139 ;;		Unchanged: 0/0
   140 ;; Data sizes:     COMRAM   BANK0   BANK1   BANK2   BANK3   BANK4   BANK5
   141 ;;      Params:         0       0       0       0       0       0       0
   142 ;;      Locals:         0       0       0       0       0       0       0
   143 ;;      Temps:          0       0       0       0       0       0       0
   144 ;;      Totals:         0       0       0       0       0       0       0
   145 ;;Total ram usage:        0 bytes
   146 ;; This function calls:
   147 ;;		Nothing
   148 ;; This function is called by:
   149 ;;		Startup code after reset
   150 ;; This function uses a non-reentrant model
   151 ;;
   152                           
   153                           	psect	text0
   154  003FD0                     __ptext0:
   155                           	opt callstack 0
   156  003FD0                     _main:
   157                           	opt callstack 31
   158  003FD0  FFFF               	dw	65535	; assembler added errata NOP
   159                           
   160                           ;main.c: 18:     (*p_PORTBdirection).RB0 = 0;
   161  003FD2  9093               	bcf	147,0,c	;volatile
   162                           
   163                           ;main.c: 19:     (*p_PORTBdirection).RB1 = 1;
   164  003FD4  8293               	bsf	147,1,c	;volatile
   165                           
   166                           ;main.c: 20:     (*p_PORTBdata).RB0 = 0;
   167  003FD6  9081               	bcf	129,0,c	;volatile
   168  003FD8                     l13:
   169  003FD8  FFFF               	dw	65535	; assembler added errata NOP
   170                           
   171                           ;main.c: 23:         if((*p_PORTBdata).RB1){
   172  003FDA  A281               	btfss	129,1,c	;volatile
   173  003FDC  EFF2  F01F         	goto	u11
   174  003FE0  EFF5  F01F         	goto	u10
   175  003FE4                     u11:
   176  003FE4  FFFF               	dw	65535	; assembler added errata NOP
   177  003FE6  EFF9  F01F         	goto	l14
   178  003FEA                     u10:
   179  003FEA  FFFF               	dw	65535	; assembler added errata NOP
   180  003FEC                     
   181                           ;main.c: 24:             (*p_PORTBdata).RB0 = 1;
   182  003FEC  8081               	bsf	129,0,c	;volatile
   183                           
   184                           ;main.c: 25:         }else{
   185  003FEE  EFEC  F01F         	goto	l13
   186  003FF2                     l14:
   187  003FF2  FFFF               	dw	65535	; assembler added errata NOP
   188                           
   189                           ;main.c: 26:             (*p_PORTBdata).RB0 = 0;
   190  003FF4  9081               	bcf	129,0,c	;volatile
   191  003FF6  EFEC  F01F         	goto	l13
   192  003FFA  EF01  F000         	goto	start
   193  003FFE                     __end_of_main:
   194                           	opt callstack 0
   195  003FFE  FFFF               	dw	65535	; assembler added errata NOP
   196                           
   197                           	psect	rparam
   198  0000                     tosu	equ	0xFFF
   199                           tosh	equ	0xFFE
   200                           tosl	equ	0xFFD
   201                           stkptr	equ	0xFFC
   202                           pclatu	equ	0xFFB
   203                           pclath	equ	0xFFA
   204                           pcl	equ	0xFF9
   205                           tblptru	equ	0xFF8
   206                           tblptrh	equ	0xFF7
   207                           tblptrl	equ	0xFF6
   208                           tablat	equ	0xFF5
   209                           prodh	equ	0xFF4
   210                           prodl	equ	0xFF3
   211                           indf0	equ	0xFEF
   212                           postinc0	equ	0xFEE
   213                           postdec0	equ	0xFED
   214                           preinc0	equ	0xFEC
   215                           plusw0	equ	0xFEB
   216                           fsr0h	equ	0xFEA
   217                           fsr0l	equ	0xFE9
   218                           wreg	equ	0xFE8
   219                           indf1	equ	0xFE7
   220                           postinc1	equ	0xFE6
   221                           postdec1	equ	0xFE5
   222                           preinc1	equ	0xFE4
   223                           plusw1	equ	0xFE3
   224                           fsr1h	equ	0xFE2
   225                           fsr1l	equ	0xFE1
   226                           bsr	equ	0xFE0
   227                           indf2	equ	0xFDF
   228                           postinc2	equ	0xFDE
   229                           postdec2	equ	0xFDD
   230                           preinc2	equ	0xFDC
   231                           plusw2	equ	0xFDB
   232                           fsr2h	equ	0xFDA
   233                           fsr2l	equ	0xFD9
   234                           status	equ	0xFD8


Data Sizes:
    Strings     0
    Constant    0
    Data        8
    BSS         0
    Persistent  0
    Stack       0

Auto Spaces:
    Space          Size  Autos    Used
    COMRAM          127      0       8
    BANK0           128      0       0
    BANK1           256      0       0
    BANK2           256      0       0
    BANK3           256      0       0
    BANK4           256      0       0
    BANK5           256      0       0

Pointer List with Targets:

    p_PORTBdirection	PTR volatile struct . size(2) Largest target is 1535
		 -> RAM(DATA[1535]), 

    p_PORTBdata	PTR volatile struct . size(2) Largest target is 1535
		 -> RAM(DATA[1535]), 

    p_PORTAdirection	PTR volatile struct . size(2) Largest target is 1535
		 -> RAM(DATA[1535]), 

    p_PORTAdata	PTR volatile struct . size(2) Largest target is 1535
		 -> RAM(DATA[1535]), 


Critical Paths under _main in COMRAM

    None.

Critical Paths under _main in BANK0

    None.

Critical Paths under _main in BANK1

    None.

Critical Paths under _main in BANK2

    None.

Critical Paths under _main in BANK3

    None.

Critical Paths under _main in BANK4

    None.

Critical Paths under _main in BANK5

    None.

Call Graph Tables:

 ---------------------------------------------------------------------------------
 (Depth) Function   	        Calls       Base Space   Used Autos Params    Refs
 ---------------------------------------------------------------------------------
 (0) _main                                                 0     0      0       0
 ---------------------------------------------------------------------------------
 Estimated maximum stack depth 0
 ---------------------------------------------------------------------------------

 Call Graph Graphs:

 _main (ROOT)

 Address spaces:
Name               Size   Autos  Total    Cost      Usage
BIGRAM             5FF      0       0      17        0.0%
EEDATA             100      0       0       0        0.0%
BITBANK5           100      0       0      16        0.0%
BANK5              100      0       0      14        0.0%
BITBANK4           100      0       0      12        0.0%
BANK4              100      0       0      13        0.0%
BITBANK3           100      0       0      10        0.0%
BANK3              100      0       0      11        0.0%
BITBANK2           100      0       0       8        0.0%
BANK2              100      0       0       9        0.0%
BITBANK1           100      0       0       6        0.0%
BANK1              100      0       0       7        0.0%
BITBANK0            80      0       0       4        0.0%
BANK0               80      0       0       5        0.0%
BITCOMRAM           7F      0       0       0        0.0%
COMRAM              7F      0       8       1        6.3%
BITSFR               0      0       0     200        0.0%
SFR                  0      0       0     200        0.0%
STACK                0      0       0       2        0.0%
NULL                 0      0       0       0        0.0%
ABS                  0      0       8      15        0.0%
DATA                 0      0       8       3        0.0%
CODE                 0      0       0       0        0.0%


Microchip Technology PIC18 Macro Assembler V2.10 build 88905656 
Symbol Table                                                                                   Sat Nov 09 15:07:27 2019

                                                          l13 3FD8  
                                                          l14 3FF2  
                                                          u10 3FEA  
                                                          u11 3FE4  
                                                 __CFG_BOR$ON 000000  
                                                __CFG_CP0$OFF 000000  
                                                __CFG_CP1$OFF 000000  
                                                __CFG_CP2$OFF 000000  
                                                __CFG_CP3$OFF 000000  
                                                 __CFG_OSC$XT 000000  
                                                         l694 3FD0  
                                                         l696 3FEC  
                                                __CFG_CPB$OFF 000000  
                                                __CFG_CPD$OFF 000000  
                                                __CFG_BORV$20 000000  
                                                __CFG_LVP$OFF 000000  
                                                __CFG_WDT$OFF 000000  
                                                __CFG_STVR$ON 000000  
                                                        _main 3FD0  
                                                        fsr1l 000FE1  
                                                        start 0002  
                                                ___param_bank 000000  
                                               __CFG_OSCS$OFF 000000  
                                                       ?_main 0000  
                                               __CFG_PWRT$OFF 000000  
                                               __CFG_WRT0$OFF 000000  
                                               __CFG_WRT1$OFF 000000  
                                               __CFG_WRT2$OFF 000000  
                                               __CFG_WRT3$OFF 000000  
                                              __CFG_EBTR0$OFF 000000  
                                              __CFG_EBTR1$OFF 000000  
                                              __CFG_EBTR2$OFF 000000  
                                              __CFG_EBTR3$OFF 000000  
                                               __CFG_WRTB$OFF 000000  
                                               __CFG_WRTC$OFF 000000  
                                               __CFG_WRTD$OFF 000000  
                                              __CFG_EBTRB$OFF 000000  
                                                       tablat 000FF5  
                                            _p_PORTAdirection 0005  
                                            _p_PORTBdirection 0001  
                                             __initialization 3FAA  
                                                __end_of_main 3FFE  
                                                      ??_main 0000  
                                               __activetblptr 000000  
                                             __CFG_CCP2MUX$ON 000000  
                                              __CFG_WDTPS$128 000000  
                                                __pdataCOMRAM 0001  
                                                      tblptrh 000FF7  
                                                      tblptrl 000FF6  
                                                      tblptru 000FF8  
                                                  __accesstop 0080  
                                     __end_of__initialization 3FCA  
                                               ___rparam_used 000001  
                                              __pcstackCOMRAM 0000  
                                                     __Hparam 0000  
                                                     __Lparam 0000  
                                                     __pcinit 3FAA  
                                                     __ramtop 0600  
                                                     __ptext0 3FD0  
                                        end_of_initialization 3FCA  
                                                     postdec1 000FE5  
                                                     postinc0 000FEE  
                                               __pidataCOMRAM 3FA2  
                                         start_initialization 3FAA  
                                                 _p_PORTAdata 0007  
                                                 _p_PORTBdata 0003  
                                                   copy_data0 3FBE  
                                                    __Hrparam 0000  
                                                    __Lrparam 0000  
                                               __size_of_main 002E  
