

Microchip MPLAB XC8 Assembler V2.05 build -831301201 
                                                                                               Mon Dec 16 15:41:13 2019

Microchip MPLAB XC8 C Compiler v2.05 (Free license) build 20181220022703 Og1 
     1                           	processor	18F452
     2                           	fnconf	rparam,??,?,0
     3                           	opt	pw 120
     4                           	opt	flic
     5                           	psect	idataCOMRAM,global,class=CODE,delta=1,noexec
     6                           	psect	cinit,global,reloc=2,class=CODE,delta=1
     7                           	psect	bssCOMRAM,global,class=COMRAM,space=1,delta=1,noexec
     8                           	psect	dataCOMRAM,global,class=COMRAM,space=1,delta=1,noexec
     9                           	psect	cstackCOMRAM,global,class=COMRAM,space=1,delta=1,noexec
    10                           	psect	text0,global,reloc=2,class=CODE,delta=1
    11                           	psect	text1,global,reloc=2,class=CODE,delta=1
    12                           	psect	text2,global,reloc=2,class=CODE,delta=1
    13                           	psect	text3,global,reloc=2,class=CODE,delta=1
    14                           	psect	text4,global,reloc=2,class=CODE,delta=1
    15                           	psect	intcode,global,reloc=2,class=CODE,delta=1
    16                           	psect	text6,global,reloc=2,class=CODE,delta=1
    17                           	psect	text7,global,reloc=2,class=CODE,delta=1
    18                           	psect	text8,global,reloc=2,class=CODE,delta=1
    19                           	psect	intsave_regs,global,class=BIGRAM,space=1,delta=1,noexec
    20                           	psect	text9,global,reloc=2,class=CODE,delta=1
    21                           	psect	rparam,global,class=COMRAM,space=1,delta=1,noexec
    22                           	psect	temp,global,ovrld,common,class=COMRAM,space=1,delta=1
    23  0000                     
    24                           ; Version 2.05
    25                           ; Generated 20/12/2018 GMT
    26                           ; 
    27                           ; Copyright © 2018, Microchip Technology Inc. and its subsidiaries ("Microchip")
    28                           ; All rights reserved.
    29                           ; 
    30                           ; This software is developed by Microchip Technology Inc. and its subsidiaries ("Microch
      +                          ip").
    31                           ; 
    32                           ; Redistribution and use in source and binary forms, with or without modification, are
    33                           ; permitted provided that the following conditions are met:
    34                           ; 
    35                           ;     1. Redistributions of source code must retain the above copyright notice, this lis
      +                          t of
    36                           ;        conditions and the following disclaimer.
    37                           ; 
    38                           ;     2. Redistributions in binary form must reproduce the above copyright notice, this 
      +                          list
    39                           ;        of conditions and the following disclaimer in the documentation and/or other
    40                           ;        materials provided with the distribution.
    41                           ; 
    42                           ;     3. Microchip's name may not be used to endorse or promote products derived from th
      +                          is
    43                           ;        software without specific prior written permission.
    44                           ; 
    45                           ; THIS SOFTWARE IS PROVIDED BY MICROCHIP "AS IS" AND ANY EXPRESS OR IMPLIED WARRANTIES,
    46                           ; INCLUDING, BUT NOT LIMITED TO, THE IMPLIED WARRANTIES OF MERCHANTABILITY AND FITNESS F
      +                          OR
    47                           ; PURPOSE ARE DISCLAIMED.  IN NO EVENT SHALL MICROCHIP BE LIABLE FOR ANY DIRECT, INDIREC
      +                          T,
    48                           ; INCIDENTAL, SPECIAL, EXEMPLARY, OR CONSEQUENTIAL DAMAGES (INCLUDING BUT NOT LIMITED TO
    49                           ; PROCUREMENT OF SUBSTITUTE GOODS OR SERVICES; LOSS OF USE, DATA OR PROFITS; OR BUSINESS
    50                           ; INTERRUPTION) HOWSOEVER CAUSED AND ON ANY THEORY OF LIABILITY, WHETHER IN CONTRACT, ST
      +                          RICT
    51                           ; LIABILITY, OR TORT (INCLUDING NEGLIGENCE OR OTHERWISE) ARISING IN ANY WAY OUT OF THE U
      +                          SE OF
    52                           ; THIS SOFTWARE, EVEN IF ADVISED OF THE POSSIBILITY OF SUCH DAMAGE.
    53                           ; 
    54                           ; 
    55                           ; Code-generator required, PIC18F452 Definitions
    56                           ; 
    57                           ; SFR Addresses
    58  0000                     
    59                           	psect	idataCOMRAM
    60  000258                     __pidataCOMRAM:
    61                           	opt callstack 0
    62                           
    63                           ;initializer for _p_PORTBdirection
    64  000258  93                 	db	147
    65  000259  0F                 	db	15
    66                           
    67                           ;initializer for _p_PORTBdata
    68  00025A  81                 	db	129
    69  00025B  0F                 	db	15
    70                           
    71                           ;initializer for _p_PORTAdirection
    72  00025C  92                 	db	146
    73  00025D  0F                 	db	15
    74                           
    75                           ;initializer for _p_PORTAdata
    76  00025E  80                 	db	128
    77  00025F  0F                 	db	15
    78                           
    79                           ;initializer for _BTN0
    80  000260  42                 	db	66
    81  000261  01                 	db	1
    82  000262  01                 	db	1
    83  000263  00                 	db	0
    84  000264  00                 	db	0
    85  000265  00                 	db	0
    86  000266  00                 	db	0
    87                           
    88                           ;initializer for _LED0
    89  000267  42                 	db	66
    90  000268  00                 	db	0
    91  000269  00                 	db	0
    92  00026A  00                 	db	0
    93  00026B  00                 	db	0
    94  00026C  00                 	db	0
    95  00026D  00                 	db	0
    96  0000                     _INTCON2bits	set	4081
    97  0000                     _INTCON3bits	set	4080
    98  0000                     _INTCON1bits	set	4082
    99  0000                     _INT2IF	set	32641
   100  0000                     _INT1IF	set	32640
   101  0000                     _INT0IF	set	32657
   102                           
   103                           ; #config settings
   104  0000                     
   105                           	psect	cinit
   106  000198                     __pcinit:
   107                           	opt callstack 0
   108  000198                     start_initialization:
   109                           	opt callstack 0
   110  000198                     __initialization:
   111                           	opt callstack 0
   112                           
   113                           ; Initialize objects allocated to COMRAM (22 bytes)
   114                           ; load TBLPTR registers with __pidataCOMRAM
   115  000198  0E58               	movlw	low __pidataCOMRAM
   116  00019A  6EF6               	movwf	tblptrl,c
   117  00019C  0E02               	movlw	high __pidataCOMRAM
   118  00019E  6EF7               	movwf	tblptrh,c
   119  0001A0  0E00               	movlw	low (__pidataCOMRAM shr (0+16))
   120  0001A2  6EF8               	movwf	tblptru,c
   121  0001A4  EE00  F001         	lfsr	0,__pdataCOMRAM
   122  0001A8  EE10 F016          	lfsr	1,22
   123  0001AC                     copy_data0:
   124  0001AC  0009               	tblrd		*+
   125  0001AE  CFF5 FFEE          	movff	tablat,postinc0
   126  0001B2  50E5               	movf	postdec1,w,c
   127  0001B4  50E1               	movf	fsr1l,w,c
   128  0001B6  E1FA               	bnz	copy_data0
   129                           
   130                           ; Clear objects allocated to COMRAM (14 bytes)
   131  0001B8  EE00  F028         	lfsr	0,__pbssCOMRAM
   132  0001BC  0E0E               	movlw	14
   133  0001BE                     clear_0:
   134  0001BE  6AEE               	clrf	postinc0,c
   135  0001C0  06E8               	decf	wreg,f,c
   136  0001C2  E1FD               	bnz	clear_0
   137  0001C4                     end_of_initialization:
   138                           	opt callstack 0
   139  0001C4                     __end_of__initialization:
   140                           	opt callstack 0
   141  0001C4  9036               	bcf	int$flags,0,c	;clear compiler interrupt flag (level 1)
   142  0001C6  9236               	bcf	int$flags,1,c	;clear compiler interrupt flag (level 2)
   143  0001C8  0E00               	movlw	low (__Lmediumconst shr (0+16))
   144  0001CA  6EF8               	movwf	tblptru,c
   145  0001CC  0100               	movlb	0
   146  0001CE  EF03  F001         	goto	_main	;jump to C main() function
   147                           
   148                           	psect	bssCOMRAM
   149  000028                     __pbssCOMRAM:
   150                           	opt callstack 0
   151  000028                     	ds	8
   152  000030                     _callback_INT2:
   153                           	opt callstack 0
   154  000030                     	ds	2
   155  000032                     INT@callback_INT1:
   156                           	opt callstack 0
   157  000032                     	ds	2
   158  000034                     _callback_INT0:
   159                           	opt callstack 0
   160  000034                     	ds	2
   161                           
   162                           	psect	dataCOMRAM
   163  000001                     __pdataCOMRAM:
   164                           	opt callstack 0
   165  000001                     _p_PORTBdirection:
   166                           	opt callstack 0
   167  000001                     	ds	2
   168  000003                     _p_PORTBdata:
   169                           	opt callstack 0
   170  000003                     	ds	2
   171  000005                     _p_PORTAdirection:
   172                           	opt callstack 0
   173  000005                     	ds	2
   174  000007                     _p_PORTAdata:
   175                           	opt callstack 0
   176  000007                     	ds	2
   177  000009                     _BTN0:
   178                           	opt callstack 0
   179  000009                     	ds	7
   180  000010                     _LED0:
   181                           	opt callstack 0
   182  000010                     	ds	7
   183                           
   184                           	psect	cstackCOMRAM
   185  000017                     __pcstackCOMRAM:
   186                           	opt callstack 0
   187  000017                     DIO_vdtogglePin@pin:
   188                           	opt callstack 0
   189                           
   190                           ; 1 bytes @ 0x0
   191  000017                     	ds	1
   192  000018                     ??_DIO_vdtogglePin:
   193                           
   194                           ; 1 bytes @ 0x1
   195  000018                     	ds	2
   196  00001A                     DIO_vdtogglePin@port:
   197                           	opt callstack 0
   198                           
   199                           ; 1 bytes @ 0x3
   200  00001A                     	ds	1
   201  00001B                     LED_vdtoggle@led:
   202                           	opt callstack 0
   203                           
   204                           ; 2 bytes @ 0x4
   205  00001B                     	ds	2
   206  00001D                     ??_ISR:
   207                           
   208                           ; 1 bytes @ 0x6
   209  00001D                     	ds	4
   210  000021                     DIO_vdWriteDirPin@port:
   211                           	opt callstack 0
   212  000021                     INT_vdSetINT1Callback@pf:
   213                           	opt callstack 0
   214                           
   215                           ; 2 bytes @ 0xA
   216  000021                     	ds	1
   217  000022                     DIO_vdWriteDirPin@pin:
   218                           	opt callstack 0
   219                           
   220                           ; 1 bytes @ 0xB
   221  000022                     	ds	1
   222  000023                     ??_DIO_vdWriteDirPin:
   223                           
   224                           ; 1 bytes @ 0xC
   225  000023                     	ds	2
   226  000025                     DIO_vdWriteDirPin@data:
   227                           	opt callstack 0
   228                           
   229                           ; 1 bytes @ 0xE
   230  000025                     	ds	1
   231  000026                     DIO_vdInit@dev:
   232                           	opt callstack 0
   233                           
   234                           ; 2 bytes @ 0xF
   235  000026                     	ds	2
   236  000028                     
   237                           ; 1 bytes @ 0x11
   238 ;;
   239 ;;Main: autosize = 0, tempsize = 0, incstack = 0, save=0
   240 ;;
   241 ;; *************** function _main *****************
   242 ;; Defined at:
   243 ;;		line 24 in file "main.c"
   244 ;; Parameters:    Size  Location     Type
   245 ;;		None
   246 ;; Auto vars:     Size  Location     Type
   247 ;;		None
   248 ;; Return value:  Size  Location     Type
   249 ;;                  1    wreg      void 
   250 ;; Registers used:
   251 ;;		wreg, fsr2l, fsr2h, status,2, status,0, cstack
   252 ;; Tracked objects:
   253 ;;		On entry : 0/0
   254 ;;		On exit  : 0/0
   255 ;;		Unchanged: 0/0
   256 ;; Data sizes:     COMRAM   BANK0   BANK1   BANK2   BANK3   BANK4   BANK5
   257 ;;      Params:         0       0       0       0       0       0       0
   258 ;;      Locals:         0       0       0       0       0       0       0
   259 ;;      Temps:          0       0       0       0       0       0       0
   260 ;;      Totals:         0       0       0       0       0       0       0
   261 ;;Total ram usage:        0 bytes
   262 ;; Hardware stack levels required when called:    6
   263 ;; This function calls:
   264 ;;		_DIO_vdInit
   265 ;;		_INT_vdSetINT1Callback
   266 ;;		_INT_vdinit
   267 ;; This function is called by:
   268 ;;		Startup code after reset
   269 ;; This function uses a non-reentrant model
   270 ;;
   271                           
   272                           	psect	text0
   273  000206                     __ptext0:
   274                           	opt callstack 0
   275  000206                     _main:
   276                           	opt callstack 0
   277  000206  FFFF               	dw	65535	; assembler added errata NOP
   278                           
   279                           ;main.c: 26:     DIO_vdInit(&LED0);
   280                           
   281                           ;incstack = 0
   282  000208  0E10               	movlw	low _LED0
   283  00020A  6E26               	movwf	DIO_vdInit@dev,c
   284  00020C  0E00               	movlw	high _LED0
   285  00020E  6E27               	movwf	DIO_vdInit@dev+1,c
   286  000210  ECE9  F000         	call	_DIO_vdInit	;wreg free
   287                           
   288                           ;main.c: 27:     DIO_vdInit(&BTN0);
   289  000214  0E09               	movlw	low _BTN0
   290  000216  6E26               	movwf	DIO_vdInit@dev,c
   291  000218  0E00               	movlw	high _BTN0
   292  00021A  6E27               	movwf	DIO_vdInit@dev+1,c
   293  00021C  ECE9  F000         	call	_DIO_vdInit	;wreg free
   294                           
   295                           ;main.c: 28:     INT_vdinit();
   296  000220  EC37  F001         	call	_INT_vdinit	;wreg free
   297                           
   298                           ;main.c: 29:     INT_vdSetINT1Callback(callback_INT1);
   299  000224  0E82               	movlw	low _callback_INT1
   300  000226  6E21               	movwf	INT_vdSetINT1Callback@pf,c
   301  000228  0E02               	movlw	high _callback_INT1
   302  00022A  6E22               	movwf	INT_vdSetINT1Callback@pf+1,c
   303  00022C  EC4A  F001         	call	_INT_vdSetINT1Callback	;wreg free
   304  000230                     l27:
   305  000230  FFFF               	dw	65535	; assembler added errata NOP
   306                           
   307                           ;main.c: 38:     }
   308  000232  D7FE               	goto	l27
   309  000234                     __end_of_main:
   310                           	opt callstack 0
   311                           
   312 ;; *************** function _INT_vdinit *****************
   313 ;; Defined at:
   314 ;;		line 15 in file "INT.c"
   315 ;; Parameters:    Size  Location     Type
   316 ;;		None
   317 ;; Auto vars:     Size  Location     Type
   318 ;;		None
   319 ;; Return value:  Size  Location     Type
   320 ;;                  1    wreg      void 
   321 ;; Registers used:
   322 ;;		None
   323 ;; Tracked objects:
   324 ;;		On entry : 0/0
   325 ;;		On exit  : 0/0
   326 ;;		Unchanged: 0/0
   327 ;; Data sizes:     COMRAM   BANK0   BANK1   BANK2   BANK3   BANK4   BANK5
   328 ;;      Params:         0       0       0       0       0       0       0
   329 ;;      Locals:         0       0       0       0       0       0       0
   330 ;;      Temps:          0       0       0       0       0       0       0
   331 ;;      Totals:         0       0       0       0       0       0       0
   332 ;;Total ram usage:        0 bytes
   333 ;; Hardware stack levels used:    1
   334 ;; Hardware stack levels required when called:    4
   335 ;; This function calls:
   336 ;;		Nothing
   337 ;; This function is called by:
   338 ;;		_main
   339 ;; This function uses a non-reentrant model
   340 ;;
   341                           
   342                           	psect	text1
   343  00026E                     __ptext1:
   344                           	opt callstack 0
   345  00026E                     _INT_vdinit:
   346                           	opt callstack 0
   347  00026E  FFFF               	dw	65535	; assembler added errata NOP
   348                           
   349                           ;INT.c: 16:     INTCON1bits.GIE = 1;
   350                           
   351                           ;incstack = 0
   352  000270  8EF2               	bsf	4082,7,c	;volatile
   353                           
   354                           ;INT.c: 19:     INTCON1bits.INT0IE = 0;
   355  000272  98F2               	bcf	4082,4,c	;volatile
   356                           
   357                           ;INT.c: 20:     INTCON3bits.INT1IE = 1;
   358  000274  86F0               	bsf	4080,3,c	;volatile
   359                           
   360                           ;INT.c: 21:     INTCON3bits.INT2IE = 0;
   361  000276  98F0               	bcf	4080,4,c	;volatile
   362                           
   363                           ;INT.c: 23:     INTCON2bits.INTEDG0 = 1;
   364  000278  8CF1               	bsf	4081,6,c	;volatile
   365                           
   366                           ;INT.c: 24:     INTCON2bits.INTEDG1 = 1;
   367  00027A  8AF1               	bsf	4081,5,c	;volatile
   368                           
   369                           ;INT.c: 25:     INTCON2bits.INTEDG2 = 1;
   370  00027C  88F1               	bsf	4081,4,c	;volatile
   371  00027E  0012               	return		;funcret
   372  000280  FFFF               	dw	65535	; errata NOP
   373  000282                     __end_of_INT_vdinit:
   374                           	opt callstack 0
   375                           
   376 ;; *************** function _INT_vdSetINT1Callback *****************
   377 ;; Defined at:
   378 ;;		line 31 in file "INT.c"
   379 ;; Parameters:    Size  Location     Type
   380 ;;  pf              2   10[COMRAM] PTR FTN()void 
   381 ;;		 -> callback_INT1(1), 
   382 ;; Auto vars:     Size  Location     Type
   383 ;;		None
   384 ;; Return value:  Size  Location     Type
   385 ;;                  1    wreg      void 
   386 ;; Registers used:
   387 ;;		wreg, status,2, status,0
   388 ;; Tracked objects:
   389 ;;		On entry : 0/0
   390 ;;		On exit  : 0/0
   391 ;;		Unchanged: 0/0
   392 ;; Data sizes:     COMRAM   BANK0   BANK1   BANK2   BANK3   BANK4   BANK5
   393 ;;      Params:         2       0       0       0       0       0       0
   394 ;;      Locals:         0       0       0       0       0       0       0
   395 ;;      Temps:          0       0       0       0       0       0       0
   396 ;;      Totals:         2       0       0       0       0       0       0
   397 ;;Total ram usage:        2 bytes
   398 ;; Hardware stack levels used:    1
   399 ;; Hardware stack levels required when called:    4
   400 ;; This function calls:
   401 ;;		Nothing
   402 ;; This function is called by:
   403 ;;		_main
   404 ;; This function uses a non-reentrant model
   405 ;;
   406                           
   407                           	psect	text2
   408  000294                     __ptext2:
   409                           	opt callstack 0
   410  000294                     _INT_vdSetINT1Callback:
   411                           	opt callstack 0
   412  000294  FFFF               	dw	65535	; assembler added errata NOP
   413                           
   414                           ;INT.c: 32:     callback_INT1 = pf;
   415                           
   416                           ;incstack = 0
   417  000296  C021  F032         	movff	INT_vdSetINT1Callback@pf,INT@callback_INT1
   418  00029A  C022  F033         	movff	INT_vdSetINT1Callback@pf+1,INT@callback_INT1+1
   419  00029E  0012               	return		;funcret
   420  0002A0  FFFF               	dw	65535	; errata NOP
   421  0002A2                     __end_of_INT_vdSetINT1Callback:
   422                           	opt callstack 0
   423                           
   424 ;; *************** function _DIO_vdInit *****************
   425 ;; Defined at:
   426 ;;		line 15 in file "DIO.c"
   427 ;; Parameters:    Size  Location     Type
   428 ;;  dev             2   15[COMRAM] PTR struct .
   429 ;;		 -> BTN0(7), LED0(7), 
   430 ;; Auto vars:     Size  Location     Type
   431 ;;		None
   432 ;; Return value:  Size  Location     Type
   433 ;;                  1    wreg      void 
   434 ;; Registers used:
   435 ;;		wreg, fsr2l, fsr2h, status,2, status,0, cstack
   436 ;; Tracked objects:
   437 ;;		On entry : 0/0
   438 ;;		On exit  : 0/0
   439 ;;		Unchanged: 0/0
   440 ;; Data sizes:     COMRAM   BANK0   BANK1   BANK2   BANK3   BANK4   BANK5
   441 ;;      Params:         2       0       0       0       0       0       0
   442 ;;      Locals:         0       0       0       0       0       0       0
   443 ;;      Temps:          0       0       0       0       0       0       0
   444 ;;      Totals:         2       0       0       0       0       0       0
   445 ;;Total ram usage:        2 bytes
   446 ;; Hardware stack levels used:    1
   447 ;; Hardware stack levels required when called:    5
   448 ;; This function calls:
   449 ;;		_DIO_vdWriteDirPin
   450 ;; This function is called by:
   451 ;;		_main
   452 ;; This function uses a non-reentrant model
   453 ;;
   454                           
   455                           	psect	text3
   456  0001D2                     __ptext3:
   457                           	opt callstack 0
   458  0001D2                     _DIO_vdInit:
   459                           	opt callstack 0
   460  0001D2  FFFF               	dw	65535	; assembler added errata NOP
   461                           
   462                           ;DIO.c: 16:     DIO_vdWriteDirPin(dev->mode,dev->PORT,dev->pin);
   463                           
   464                           ;incstack = 0
   465  0001D4  C026  FFD9         	movff	DIO_vdInit@dev,fsr2l
   466  0001D8  C027  FFDA         	movff	DIO_vdInit@dev+1,fsr2h
   467  0001DC  50DF               	movf	indf2,w,c
   468  0001DE  6E21               	movwf	DIO_vdWriteDirPin@port,c
   469  0001E0  EE20 F001          	lfsr	2,1
   470  0001E4  5026               	movf	DIO_vdInit@dev,w,c
   471  0001E6  26D9               	addwf	fsr2l,f,c
   472  0001E8  5027               	movf	DIO_vdInit@dev+1,w,c
   473  0001EA  22DA               	addwfc	fsr2h,f,c
   474  0001EC  50DF               	movf	indf2,w,c
   475  0001EE  6E22               	movwf	DIO_vdWriteDirPin@pin,c
   476  0001F0  EE20 F002          	lfsr	2,2
   477  0001F4  5026               	movf	DIO_vdInit@dev,w,c
   478  0001F6  26D9               	addwf	fsr2l,f,c
   479  0001F8  5027               	movf	DIO_vdInit@dev+1,w,c
   480  0001FA  22DA               	addwfc	fsr2h,f,c
   481  0001FC  50DF               	movf	indf2,w,c
   482  0001FE  EC32  F000         	call	_DIO_vdWriteDirPin
   483  000202  0012               	return		;funcret
   484  000204  FFFF               	dw	65535	; errata NOP
   485  000206                     __end_of_DIO_vdInit:
   486                           	opt callstack 0
   487                           
   488 ;; *************** function _DIO_vdWriteDirPin *****************
   489 ;; Defined at:
   490 ;;		line 38 in file "DIO.c"
   491 ;; Parameters:    Size  Location     Type
   492 ;;  data            1    wreg     unsigned char 
   493 ;;  port            1   10[COMRAM] unsigned char 
   494 ;;  pin             1   11[COMRAM] unsigned char 
   495 ;; Auto vars:     Size  Location     Type
   496 ;;  data            1   14[COMRAM] unsigned char 
   497 ;; Return value:  Size  Location     Type
   498 ;;                  1    wreg      void 
   499 ;; Registers used:
   500 ;;		wreg, status,2, status,0
   501 ;; Tracked objects:
   502 ;;		On entry : 0/0
   503 ;;		On exit  : 0/0
   504 ;;		Unchanged: 0/0
   505 ;; Data sizes:     COMRAM   BANK0   BANK1   BANK2   BANK3   BANK4   BANK5
   506 ;;      Params:         2       0       0       0       0       0       0
   507 ;;      Locals:         1       0       0       0       0       0       0
   508 ;;      Temps:          2       0       0       0       0       0       0
   509 ;;      Totals:         5       0       0       0       0       0       0
   510 ;;Total ram usage:        5 bytes
   511 ;; Hardware stack levels used:    1
   512 ;; Hardware stack levels required when called:    4
   513 ;; This function calls:
   514 ;;		Nothing
   515 ;; This function is called by:
   516 ;;		_DIO_vdInit
   517 ;; This function uses a non-reentrant model
   518 ;;
   519                           
   520                           	psect	text4
   521  000064                     __ptext4:
   522                           	opt callstack 0
   523  000064                     _DIO_vdWriteDirPin:
   524                           	opt callstack 0
   525  000064  FFFF               	dw	65535	; assembler added errata NOP
   526                           
   527                           ;incstack = 0
   528                           ;DIO_vdWriteDirPin@data stored from wreg
   529  000066  6E25               	movwf	DIO_vdWriteDirPin@data,c
   530                           
   531                           ;DIO.c: 39:  switch(port){
   532  000068  D048               	goto	l1083
   533  00006A                     l1069:
   534  00006A  FFFF               	dw	65535	; assembler added errata NOP
   535                           
   536                           ;DIO.c: 41:    if(data){
   537  00006C  5025               	movf	DIO_vdWriteDirPin@data,w,c
   538  00006E  B4D8               	btfsc	status,2,c
   539  000070  D00F               	goto	l1073
   540                           
   541                           ;DIO.c: 42:     (*p_PORTAdirection).PORT |= (1<<pin);
   542  000072  C022  F023         	movff	DIO_vdWriteDirPin@pin,??_DIO_vdWriteDirPin
   543  000076  0E01               	movlw	1
   544  000078  6E24               	movwf	(??_DIO_vdWriteDirPin+1)& (0+255),c
   545  00007A  2A23               	incf	??_DIO_vdWriteDirPin,f,c
   546  00007C  D003               	goto	u304
   547  00007E                     u305:
   548  00007E  FFFF               	dw	65535	; assembler added errata NOP
   549  000080  90D8               	bcf	status,0,c
   550  000082  3624               	rlcf	??_DIO_vdWriteDirPin+1,f,c
   551  000084                     u304:
   552  000084  FFFF               	dw	65535	; assembler added errata NOP
   553  000086  2E23               	decfsz	??_DIO_vdWriteDirPin,f,c
   554  000088  D7FA               	goto	u305
   555  00008A  5024               	movf	??_DIO_vdWriteDirPin+1,w,c
   556  00008C  1292               	iorwf	3986,f,c	;volatile
   557                           
   558                           ;DIO.c: 43:    }else{
   559  00008E  D044               	goto	l119
   560  000090                     l1073:
   561  000090  FFFF               	dw	65535	; assembler added errata NOP
   562                           
   563                           ;DIO.c: 44:     (*p_PORTAdirection).PORT &= ~(1<<pin);
   564  000092  C022  F023         	movff	DIO_vdWriteDirPin@pin,??_DIO_vdWriteDirPin
   565  000096  0E01               	movlw	1
   566  000098  6E24               	movwf	(??_DIO_vdWriteDirPin+1)& (0+255),c
   567  00009A  2A23               	incf	??_DIO_vdWriteDirPin,f,c
   568  00009C  D003               	goto	u314
   569  00009E                     u315:
   570  00009E  FFFF               	dw	65535	; assembler added errata NOP
   571  0000A0  90D8               	bcf	status,0,c
   572  0000A2  3624               	rlcf	??_DIO_vdWriteDirPin+1,f,c
   573  0000A4                     u314:
   574  0000A4  FFFF               	dw	65535	; assembler added errata NOP
   575  0000A6  2E23               	decfsz	??_DIO_vdWriteDirPin,f,c
   576  0000A8  D7FA               	goto	u315
   577  0000AA  5024               	movf	??_DIO_vdWriteDirPin+1,w,c
   578  0000AC  0AFF               	xorlw	255
   579  0000AE  1692               	andwf	3986,f,c	;volatile
   580  0000B0  D033               	goto	l119
   581  0000B2                     l1075:
   582  0000B2  FFFF               	dw	65535	; assembler added errata NOP
   583                           
   584                           ;DIO.c: 48:    if(data){
   585  0000B4  5025               	movf	DIO_vdWriteDirPin@data,w,c
   586  0000B6  B4D8               	btfsc	status,2,c
   587  0000B8  D00F               	goto	l1079
   588                           
   589                           ;DIO.c: 49:     (*p_PORTBdirection).PORT |= (1<<pin);
   590  0000BA  C022  F023         	movff	DIO_vdWriteDirPin@pin,??_DIO_vdWriteDirPin
   591  0000BE  0E01               	movlw	1
   592  0000C0  6E24               	movwf	(??_DIO_vdWriteDirPin+1)& (0+255),c
   593  0000C2  2A23               	incf	??_DIO_vdWriteDirPin,f,c
   594  0000C4  D003               	goto	u334
   595  0000C6                     u335:
   596  0000C6  FFFF               	dw	65535	; assembler added errata NOP
   597  0000C8  90D8               	bcf	status,0,c
   598  0000CA  3624               	rlcf	??_DIO_vdWriteDirPin+1,f,c
   599  0000CC                     u334:
   600  0000CC  FFFF               	dw	65535	; assembler added errata NOP
   601  0000CE  2E23               	decfsz	??_DIO_vdWriteDirPin,f,c
   602  0000D0  D7FA               	goto	u335
   603  0000D2  5024               	movf	??_DIO_vdWriteDirPin+1,w,c
   604  0000D4  1293               	iorwf	3987,f,c	;volatile
   605                           
   606                           ;DIO.c: 50:     }else{
   607  0000D6  D020               	goto	l119
   608  0000D8                     l1079:
   609  0000D8  FFFF               	dw	65535	; assembler added errata NOP
   610                           
   611                           ;DIO.c: 51:     (*p_PORTBdirection).PORT &= ~(1<<pin);
   612  0000DA  C022  F023         	movff	DIO_vdWriteDirPin@pin,??_DIO_vdWriteDirPin
   613  0000DE  0E01               	movlw	1
   614  0000E0  6E24               	movwf	(??_DIO_vdWriteDirPin+1)& (0+255),c
   615  0000E2  2A23               	incf	??_DIO_vdWriteDirPin,f,c
   616  0000E4  D003               	goto	u344
   617  0000E6                     u345:
   618  0000E6  FFFF               	dw	65535	; assembler added errata NOP
   619  0000E8  90D8               	bcf	status,0,c
   620  0000EA  3624               	rlcf	??_DIO_vdWriteDirPin+1,f,c
   621  0000EC                     u344:
   622  0000EC  FFFF               	dw	65535	; assembler added errata NOP
   623  0000EE  2E23               	decfsz	??_DIO_vdWriteDirPin,f,c
   624  0000F0  D7FA               	goto	u345
   625  0000F2  5024               	movf	??_DIO_vdWriteDirPin+1,w,c
   626  0000F4  0AFF               	xorlw	255
   627  0000F6  1693               	andwf	3987,f,c	;volatile
   628  0000F8  D00F               	goto	l119
   629  0000FA                     l1083:
   630  0000FA  FFFF               	dw	65535	; assembler added errata NOP
   631  0000FC  5021               	movf	DIO_vdWriteDirPin@port,w,c
   632  0000FE  6E23               	movwf	??_DIO_vdWriteDirPin& (0+255),c
   633  000100  6A24               	clrf	(??_DIO_vdWriteDirPin+1)& (0+255),c
   634                           
   635                           ; Switch on 2 bytes has been partitioned into a top level switch of size 1, and 1 sub-sw
      +                          itches
   636                           ; Switch size 1, requested type "simple"
   637                           ; Number of cases is 1, Range of values is 0 to 0
   638                           ; switch strategies available:
   639                           ; Name         Instructions Cycles
   640                           ; simple_byte            4     3 (average)
   641                           ;	Chosen strategy is simple_byte
   642  000102  5024               	movf	??_DIO_vdWriteDirPin+1,w,c
   643  000104  0A00               	xorlw	0	; case 0
   644  000106  A4D8               	btfss	status,2,c
   645  000108  D007               	goto	l119
   646                           
   647                           ; Switch size 1, requested type "simple"
   648                           ; Number of cases is 2, Range of values is 65 to 66
   649                           ; switch strategies available:
   650                           ; Name         Instructions Cycles
   651                           ; simple_byte            7     4 (average)
   652                           ;	Chosen strategy is simple_byte
   653  00010A  5023               	movf	??_DIO_vdWriteDirPin,w,c
   654  00010C  0A41               	xorlw	65	; case 65
   655  00010E  B4D8               	btfsc	status,2,c
   656  000110  D7AC               	goto	l1069
   657  000112  0A03               	xorlw	3	; case 66
   658  000114  B4D8               	btfsc	status,2,c
   659  000116  D7CD               	goto	l1075
   660  000118                     l119:
   661  000118  FFFF               	dw	65535	; assembler added errata NOP
   662  00011A  0012               	return		;funcret
   663  00011C  FFFF               	dw	65535	; errata NOP
   664  00011E                     __end_of_DIO_vdWriteDirPin:
   665                           	opt callstack 0
   666                           
   667 ;; *************** function _ISR *****************
   668 ;; Defined at:
   669 ;;		line 38 in file "INT.c"
   670 ;; Parameters:    Size  Location     Type
   671 ;;		None
   672 ;; Auto vars:     Size  Location     Type
   673 ;;		None
   674 ;; Return value:  Size  Location     Type
   675 ;;                  1    wreg      void 
   676 ;; Registers used:
   677 ;;		wreg, fsr2l, fsr2h, status,2, status,0, pclath, tosl, cstack
   678 ;; Tracked objects:
   679 ;;		On entry : 0/0
   680 ;;		On exit  : 0/0
   681 ;;		Unchanged: 0/0
   682 ;; Data sizes:     COMRAM   BANK0   BANK1   BANK2   BANK3   BANK4   BANK5
   683 ;;      Params:         0       0       0       0       0       0       0
   684 ;;      Locals:         0       0       0       0       0       0       0
   685 ;;      Temps:          4       0       0       0       0       0       0
   686 ;;      Totals:         4       0       0       0       0       0       0
   687 ;;Total ram usage:        4 bytes
   688 ;; Hardware stack levels used:    1
   689 ;; Hardware stack levels required when called:    3
   690 ;; This function calls:
   691 ;;		Absolute function
   692 ;;		_callback_INT1
   693 ;; This function is called by:
   694 ;;		Interrupt level 2
   695 ;; This function uses a non-reentrant model
   696 ;;
   697                           
   698                           	psect	intcode
   699  000008                     __pintcode:
   700                           	opt callstack 0
   701  000008                     _ISR:
   702                           	opt callstack 0
   703  000008  FFFF               	dw	65535	; assembler added errata NOP
   704                           
   705                           ;incstack = 0
   706  00000A  8236               	bsf	btemp,1,c	;set compiler interrupt flag (level 2)
   707  00000C  CFFA F01D          	movff	pclath,??_ISR
   708  000010  CFFB F01E          	movff	pclatu,??_ISR+1
   709  000014  CFD9 F01F          	movff	fsr2l,??_ISR+2
   710  000018  CFDA F020          	movff	fsr2h,??_ISR+3
   711                           
   712                           ;INT.c: 41:         callback_INT0();
   713  00001C  B2F2               	btfsc	4082,1,c	;volatile
   714                           
   715                           ;INT.c: 42:         INT0IF = 0;
   716  00001E  92F2               	bcf	4082,1,c	;volatile
   717                           
   718                           ;INT.c: 44:     if(INT1IF){
   719                           
   720                           ;INT.c: 43:     }
   721  000020  A0F0               	btfss	4080,0,c	;volatile
   722  000022  D010               	goto	i2l1109
   723                           
   724                           ;INT.c: 45:         callback_INT1();
   725  000024  D801               	call	i2u37_48
   726  000026  D00C               	goto	i2u37_49
   727  000028                     i2u37_48:
   728  000028  FFFF               	dw	65535	; assembler added errata NOP
   729  00002A  0005               	push	
   730  00002C  6EFA               	movwf	pclath,c
   731  00002E  5032               	movf	INT@callback_INT1,w,c
   732  000030  6EFD               	movwf	tosl,c
   733  000032  5033               	movf	INT@callback_INT1+1,w,c
   734  000034  6EFE               	movwf	tosh,c
   735  000036  50F8               	movf	tblptru,w,c
   736  000038  6EFF               	movwf	tosu,c
   737  00003A  50FA               	movf	pclath,w,c
   738  00003C  0012               	return		;indir
   739  00003E  FFFF               	dw	65535	; errata NOP
   740  000040                     i2u37_49:
   741  000040  FFFF               	dw	65535	; assembler added errata NOP
   742                           
   743                           ;INT.c: 46:         INT1IF = 0;
   744  000042  90F0               	bcf	4080,0,c	;volatile
   745  000044                     i2l1109:
   746  000044  FFFF               	dw	65535	; assembler added errata NOP
   747                           
   748                           ;INT.c: 49:         callback_INT2();
   749  000046  B2F0               	btfsc	4080,1,c	;volatile
   750                           
   751                           ;INT.c: 50:         INT2IF = 0;
   752  000048  92F0               	bcf	4080,1,c	;volatile
   753  00004A  C020  FFDA         	movff	??_ISR+3,fsr2h
   754  00004E  C01F  FFD9         	movff	??_ISR+2,fsr2l
   755  000052  C01E  FFFB         	movff	??_ISR+1,pclatu
   756  000056  C01D  FFFA         	movff	??_ISR,pclath
   757  00005A  9236               	bcf	btemp,1,c	;clear compiler interrupt flag (level 2)
   758  00005C  0011               	retfie		f
   759  00005E  FFFF               	dw	65535	; errata NOP
   760  000060                     __end_of_ISR:
   761                           	opt callstack 0
   762                           
   763 ;; *************** function _callback_INT1 *****************
   764 ;; Defined at:
   765 ;;		line 43 in file "main.c"
   766 ;; Parameters:    Size  Location     Type
   767 ;;		None
   768 ;; Auto vars:     Size  Location     Type
   769 ;;		None
   770 ;; Return value:  Size  Location     Type
   771 ;;                  1    wreg      void 
   772 ;; Registers used:
   773 ;;		wreg, fsr2l, fsr2h, status,2, status,0, cstack
   774 ;; Tracked objects:
   775 ;;		On entry : 0/0
   776 ;;		On exit  : 0/0
   777 ;;		Unchanged: 0/0
   778 ;; Data sizes:     COMRAM   BANK0   BANK1   BANK2   BANK3   BANK4   BANK5
   779 ;;      Params:         0       0       0       0       0       0       0
   780 ;;      Locals:         0       0       0       0       0       0       0
   781 ;;      Temps:          0       0       0       0       0       0       0
   782 ;;      Totals:         0       0       0       0       0       0       0
   783 ;;Total ram usage:        0 bytes
   784 ;; Hardware stack levels used:    1
   785 ;; Hardware stack levels required when called:    2
   786 ;; This function calls:
   787 ;;		_LED_vdtoggle
   788 ;; This function is called by:
   789 ;;		_main
   790 ;;		_ISR
   791 ;; This function uses a non-reentrant model
   792 ;;
   793                           
   794                           	psect	text6
   795  000282                     __ptext6:
   796                           	opt callstack 0
   797  000282                     _callback_INT1:
   798                           	opt callstack 0
   799  000282  FFFF               	dw	65535	; assembler added errata NOP
   800                           
   801                           ;main.c: 44:     LED_vdtoggle(&LED0);
   802                           
   803                           ;incstack = 0
   804  000284  0E10               	movlw	low _LED0
   805  000286  6E1B               	movwf	LED_vdtoggle@led,c
   806  000288  0E00               	movlw	high _LED0
   807  00028A  6E1C               	movwf	LED_vdtoggle@led+1,c
   808  00028C  EC1A  F001         	call	_LED_vdtoggle	;wreg free
   809  000290  0012               	return		;funcret
   810  000292  FFFF               	dw	65535	; errata NOP
   811  000294                     __end_of_callback_INT1:
   812                           	opt callstack 0
   813                           
   814 ;; *************** function _LED_vdtoggle *****************
   815 ;; Defined at:
   816 ;;		line 21 in file "LED.c"
   817 ;; Parameters:    Size  Location     Type
   818 ;;  led             2    4[COMRAM] PTR struct .
   819 ;;		 -> LED0(7), 
   820 ;; Auto vars:     Size  Location     Type
   821 ;;		None
   822 ;; Return value:  Size  Location     Type
   823 ;;                  1    wreg      void 
   824 ;; Registers used:
   825 ;;		wreg, fsr2l, fsr2h, status,2, status,0, cstack
   826 ;; Tracked objects:
   827 ;;		On entry : 0/0
   828 ;;		On exit  : 0/0
   829 ;;		Unchanged: 0/0
   830 ;; Data sizes:     COMRAM   BANK0   BANK1   BANK2   BANK3   BANK4   BANK5
   831 ;;      Params:         2       0       0       0       0       0       0
   832 ;;      Locals:         0       0       0       0       0       0       0
   833 ;;      Temps:          0       0       0       0       0       0       0
   834 ;;      Totals:         2       0       0       0       0       0       0
   835 ;;Total ram usage:        2 bytes
   836 ;; Hardware stack levels used:    1
   837 ;; Hardware stack levels required when called:    1
   838 ;; This function calls:
   839 ;;		_DIO_vdtogglePin
   840 ;; This function is called by:
   841 ;;		_callback_INT1
   842 ;; This function uses a non-reentrant model
   843 ;;
   844                           
   845                           	psect	text7
   846  000234                     __ptext7:
   847                           	opt callstack 0
   848  000234                     _LED_vdtoggle:
   849                           	opt callstack 0
   850  000234  FFFF               	dw	65535	; assembler added errata NOP
   851                           
   852                           ;LED.c: 22:  DIO_vdtogglePin(led->PORT,led->pin);
   853                           
   854                           ;incstack = 0
   855  000236  EE20 F001          	lfsr	2,1
   856  00023A  501B               	movf	LED_vdtoggle@led,w,c
   857  00023C  26D9               	addwf	fsr2l,f,c
   858  00023E  501C               	movf	LED_vdtoggle@led+1,w,c
   859  000240  22DA               	addwfc	fsr2h,f,c
   860  000242  50DF               	movf	indf2,w,c
   861  000244  6E17               	movwf	DIO_vdtogglePin@pin,c
   862  000246  C01B  FFD9         	movff	LED_vdtoggle@led,fsr2l
   863  00024A  C01C  FFDA         	movff	LED_vdtoggle@led+1,fsr2h
   864  00024E  50DF               	movf	indf2,w,c
   865  000250  EC8F  F000         	call	_DIO_vdtogglePin
   866  000254  0012               	return		;funcret
   867  000256  FFFF               	dw	65535	; errata NOP
   868  000258                     __end_of_LED_vdtoggle:
   869                           	opt callstack 0
   870                           
   871 ;; *************** function _DIO_vdtogglePin *****************
   872 ;; Defined at:
   873 ;;		line 74 in file "DIO.c"
   874 ;; Parameters:    Size  Location     Type
   875 ;;  port            1    wreg     unsigned char 
   876 ;;  pin             1    0[COMRAM] unsigned char 
   877 ;; Auto vars:     Size  Location     Type
   878 ;;  port            1    3[COMRAM] unsigned char 
   879 ;; Return value:  Size  Location     Type
   880 ;;                  1    wreg      void 
   881 ;; Registers used:
   882 ;;		wreg, fsr2l, fsr2h, status,2, status,0
   883 ;; Tracked objects:
   884 ;;		On entry : 0/0
   885 ;;		On exit  : 0/0
   886 ;;		Unchanged: 0/0
   887 ;; Data sizes:     COMRAM   BANK0   BANK1   BANK2   BANK3   BANK4   BANK5
   888 ;;      Params:         1       0       0       0       0       0       0
   889 ;;      Locals:         1       0       0       0       0       0       0
   890 ;;      Temps:          2       0       0       0       0       0       0
   891 ;;      Totals:         4       0       0       0       0       0       0
   892 ;;Total ram usage:        4 bytes
   893 ;; Hardware stack levels used:    1
   894 ;; This function calls:
   895 ;;		Nothing
   896 ;; This function is called by:
   897 ;;		_LED_vdtoggle
   898 ;; This function uses a non-reentrant model
   899 ;;
   900                           
   901                           	psect	text8
   902  00011E                     __ptext8:
   903                           	opt callstack 0
   904  00011E                     _DIO_vdtogglePin:
   905                           	opt callstack 0
   906  00011E  FFFF               	dw	65535	; assembler added errata NOP
   907                           
   908                           ;incstack = 0
   909                           ;DIO_vdtogglePin@port stored from wreg
   910  000120  6E1A               	movwf	DIO_vdtogglePin@port,c
   911                           
   912                           ;DIO.c: 75:  switch(port){
   913  000122  D027               	goto	i2l1059
   914  000124                     i2l1057:
   915  000124  FFFF               	dw	65535	; assembler added errata NOP
   916                           
   917                           ;DIO.c: 77:    (*p_PORTAdata).PORT ^= (1<<pin);
   918  000126  C017  F018         	movff	DIO_vdtogglePin@pin,??_DIO_vdtogglePin
   919  00012A  0E01               	movlw	1
   920  00012C  6E19               	movwf	(??_DIO_vdtogglePin+1)& (0+255),c
   921  00012E  2A18               	incf	??_DIO_vdtogglePin,f,c
   922  000130  D003               	goto	i2u27_44
   923  000132                     i2u27_45:
   924  000132  FFFF               	dw	65535	; assembler added errata NOP
   925  000134  90D8               	bcf	status,0,c
   926  000136  3619               	rlcf	??_DIO_vdtogglePin+1,f,c
   927  000138                     i2u27_44:
   928  000138  FFFF               	dw	65535	; assembler added errata NOP
   929  00013A  2E18               	decfsz	??_DIO_vdtogglePin,f,c
   930  00013C  D7FA               	goto	i2u27_45
   931  00013E  C007  FFD9         	movff	_p_PORTAdata,fsr2l
   932  000142  C008  FFDA         	movff	_p_PORTAdata+1,fsr2h
   933  000146  5019               	movf	??_DIO_vdtogglePin+1,w,c
   934  000148  1ADF               	xorwf	indf2,f,c
   935  00014A                     i2l135:
   936  00014A  FFFF               	dw	65535	; assembler added errata NOP
   937                           
   938                           ;DIO.c: 79:    (*p_PORTBdata).PORT ^= (1<<pin);
   939  00014C  C017  F018         	movff	DIO_vdtogglePin@pin,??_DIO_vdtogglePin
   940  000150  0E01               	movlw	1
   941  000152  6E19               	movwf	(??_DIO_vdtogglePin+1)& (0+255),c
   942  000154  2A18               	incf	??_DIO_vdtogglePin,f,c
   943  000156  D003               	goto	i2u28_44
   944  000158                     i2u28_45:
   945  000158  FFFF               	dw	65535	; assembler added errata NOP
   946  00015A  90D8               	bcf	status,0,c
   947  00015C  3619               	rlcf	??_DIO_vdtogglePin+1,f,c
   948  00015E                     i2u28_44:
   949  00015E  FFFF               	dw	65535	; assembler added errata NOP
   950  000160  2E18               	decfsz	??_DIO_vdtogglePin,f,c
   951  000162  D7FA               	goto	i2u28_45
   952  000164  C003  FFD9         	movff	_p_PORTBdata,fsr2l
   953  000168  C004  FFDA         	movff	_p_PORTBdata+1,fsr2h
   954  00016C  5019               	movf	??_DIO_vdtogglePin+1,w,c
   955  00016E  1ADF               	xorwf	indf2,f,c
   956                           
   957                           ;DIO.c: 80:  }
   958  000170  D00F               	goto	i2l137
   959  000172                     i2l1059:
   960  000172  FFFF               	dw	65535	; assembler added errata NOP
   961  000174  501A               	movf	DIO_vdtogglePin@port,w,c
   962  000176  6E18               	movwf	??_DIO_vdtogglePin& (0+255),c
   963  000178  6A19               	clrf	(??_DIO_vdtogglePin+1)& (0+255),c
   964                           
   965                           ; Switch on 2 bytes has been partitioned into a top level switch of size 1, and 1 sub-sw
      +                          itches
   966                           ; Switch size 1, requested type "simple"
   967                           ; Number of cases is 1, Range of values is 0 to 0
   968                           ; switch strategies available:
   969                           ; Name         Instructions Cycles
   970                           ; simple_byte            4     3 (average)
   971                           ;	Chosen strategy is simple_byte
   972  00017A  5019               	movf	??_DIO_vdtogglePin+1,w,c
   973  00017C  0A00               	xorlw	0	; case 0
   974  00017E  A4D8               	btfss	status,2,c
   975  000180  D007               	goto	i2l137
   976                           
   977                           ; Switch size 1, requested type "simple"
   978                           ; Number of cases is 2, Range of values is 65 to 66
   979                           ; switch strategies available:
   980                           ; Name         Instructions Cycles
   981                           ; simple_byte            7     4 (average)
   982                           ;	Chosen strategy is simple_byte
   983  000182  5018               	movf	??_DIO_vdtogglePin,w,c
   984  000184  0A41               	xorlw	65	; case 65
   985  000186  B4D8               	btfsc	status,2,c
   986  000188  D7CD               	goto	i2l1057
   987  00018A  0A03               	xorlw	3	; case 66
   988  00018C  B4D8               	btfsc	status,2,c
   989  00018E  D7DD               	goto	i2l135
   990  000190                     i2l137:
   991  000190  FFFF               	dw	65535	; assembler added errata NOP
   992  000192  0012               	return		;funcret
   993  000194  FFFF               	dw	65535	; errata NOP
   994  000196                     __end_of_DIO_vdtogglePin:
   995                           	opt callstack 0
   996  000196  FFFF               	dw	65535	; assembler added errata NOP
   997                           
   998                           	psect	text9
   999  000000                     __ptext9:
  1000                           	opt callstack 0
  1001                           
  1002                           	psect	rparam
  1003  0000                     
  1004                           	psect	temp
  1005  000036                     btemp:
  1006                           	opt callstack 0
  1007  000036                     	ds	1
  1008  0000                     int$flags	set	btemp
  1009  0000                     wtemp8	set	btemp+1
  1010  0000                     ttemp5	set	btemp+1
  1011  0000                     ttemp6	set	btemp+4
  1012  0000                     ttemp7	set	btemp+8
  1013                           tosu	equ	0xFFF
  1014                           tosh	equ	0xFFE
  1015                           tosl	equ	0xFFD
  1016                           stkptr	equ	0xFFC
  1017                           pclatu	equ	0xFFB
  1018                           pclath	equ	0xFFA
  1019                           pcl	equ	0xFF9
  1020                           tblptru	equ	0xFF8
  1021                           tblptrh	equ	0xFF7
  1022                           tblptrl	equ	0xFF6
  1023                           tablat	equ	0xFF5
  1024                           prodh	equ	0xFF4
  1025                           prodl	equ	0xFF3
  1026                           indf0	equ	0xFEF
  1027                           postinc0	equ	0xFEE
  1028                           postdec0	equ	0xFED
  1029                           preinc0	equ	0xFEC
  1030                           plusw0	equ	0xFEB
  1031                           fsr0h	equ	0xFEA
  1032                           fsr0l	equ	0xFE9
  1033                           wreg	equ	0xFE8
  1034                           indf1	equ	0xFE7
  1035                           postinc1	equ	0xFE6
  1036                           postdec1	equ	0xFE5
  1037                           preinc1	equ	0xFE4
  1038                           plusw1	equ	0xFE3
  1039                           fsr1h	equ	0xFE2
  1040                           fsr1l	equ	0xFE1
  1041                           bsr	equ	0xFE0
  1042                           indf2	equ	0xFDF
  1043                           postinc2	equ	0xFDE
  1044                           postdec2	equ	0xFDD
  1045                           preinc2	equ	0xFDC
  1046                           plusw2	equ	0xFDB
  1047                           fsr2h	equ	0xFDA
  1048                           fsr2l	equ	0xFD9
  1049                           status	equ	0xFD8


Data Sizes:
    Strings     0
    Constant    0
    Data        22
    BSS         14
    Persistent  0
    Stack       0

Auto Spaces:
    Space          Size  Autos    Used
    COMRAM          126     17      53
    BANK0           128      0       0
    BANK1           256      0       0
    BANK2           256      0       0
    BANK3           256      0       0
    BANK4           256      0       0
    BANK5           256      0       0

Pointer List with Targets:

    callback_INT2	PTR FTN()void  size(2) Largest target is 1
		 -> Absolute function(), 

    INT_vdSetINT1Callback@pf	PTR FTN()void  size(2) Largest target is 1
		 -> callback_INT1(), 

    INT@callback_INT1	PTR FTN()void  size(2) Largest target is 1
		 -> Absolute function(), callback_INT1(), 

    callback_INT0	PTR FTN()void  size(2) Largest target is 1
		 -> Absolute function(), 

    DIO_vdInit@dev	PTR struct . size(2) Largest target is 7
		 -> BTN0(COMRAM[7]), LED0(COMRAM[7]), 

    LED_vdtoggle@led	PTR struct . size(2) Largest target is 7
		 -> LED0(COMRAM[7]), 

    p_PORTBdirection	PTR volatile struct . size(2) Largest target is 1535
		 -> RAM(DATA[1535]), 

    p_PORTBdata	PTR volatile struct . size(2) Largest target is 1535
		 -> RAM(DATA[1535]), 

    p_PORTAdirection	PTR volatile struct . size(2) Largest target is 1535
		 -> RAM(DATA[1535]), 

    p_PORTAdata	PTR volatile struct . size(2) Largest target is 1535
		 -> RAM(DATA[1535]), 


Critical Paths under _main in COMRAM

    _main->_DIO_vdInit
    _DIO_vdInit->_DIO_vdWriteDirPin

Critical Paths under _ISR in COMRAM

    _callback_INT1->_LED_vdtoggle
    _LED_vdtoggle->_DIO_vdtogglePin

Critical Paths under _main in BANK0

    None.

Critical Paths under _ISR in BANK0

    None.

Critical Paths under _main in BANK1

    None.

Critical Paths under _ISR in BANK1

    None.

Critical Paths under _main in BANK2

    None.

Critical Paths under _ISR in BANK2

    None.

Critical Paths under _main in BANK3

    None.

Critical Paths under _ISR in BANK3

    None.

Critical Paths under _main in BANK4

    None.

Critical Paths under _ISR in BANK4

    None.

Critical Paths under _main in BANK5

    None.

Critical Paths under _ISR in BANK5

    None.

Call Graph Tables:

 ---------------------------------------------------------------------------------
 (Depth) Function   	        Calls       Base Space   Used Autos Params    Refs
 ---------------------------------------------------------------------------------
 (0) _main                                                 0     0      0     622
                         _DIO_vdInit
              _INT_vdSetINT1Callback
                         _INT_vdinit
 ---------------------------------------------------------------------------------
 (1) _INT_vdinit                                           0     0      0       0
 ---------------------------------------------------------------------------------
 (1) _INT_vdSetINT1Callback                                2     0      2      98
                                             10 COMRAM     2     0      2
 ---------------------------------------------------------------------------------
 (1) _DIO_vdInit                                           2     0      2     524
                                             15 COMRAM     2     0      2
                  _DIO_vdWriteDirPin
 ---------------------------------------------------------------------------------
 (2) _DIO_vdWriteDirPin                                    5     3      2     306
                                             10 COMRAM     5     3      2
 ---------------------------------------------------------------------------------
 Estimated maximum stack depth 2
 ---------------------------------------------------------------------------------
 (Depth) Function   	        Calls       Base Space   Used Autos Params    Refs
 ---------------------------------------------------------------------------------
 (3) _ISR                                                  4     4      0     262
                                              6 COMRAM     4     4      0
                   Absolute function *
                      _callback_INT1 *
 ---------------------------------------------------------------------------------
 (4) _callback_INT1                                        0     0      0     262
                       _LED_vdtoggle
 ---------------------------------------------------------------------------------
 (5) _LED_vdtoggle                                         2     0      2     262
                                              4 COMRAM     2     0      2
                    _DIO_vdtogglePin
 ---------------------------------------------------------------------------------
 (6) _DIO_vdtogglePin                                      4     3      1     142
                                              0 COMRAM     4     3      1
 ---------------------------------------------------------------------------------
 (4) Absolute function(Fake)                               0     0      0       0
 ---------------------------------------------------------------------------------
 Estimated maximum stack depth 6
 ---------------------------------------------------------------------------------

 Call Graph Graphs:

 _main (ROOT)
   _DIO_vdInit
     _DIO_vdWriteDirPin
   _INT_vdSetINT1Callback
   _INT_vdinit

 _ISR (ROOT)
   Absolute function(Fake) *
   _callback_INT1 *
     _LED_vdtoggle
       _DIO_vdtogglePin

 Address spaces:
Name               Size   Autos  Total    Cost      Usage
BIGRAM             5FF      0       0      17        0.0%
EEDATA             100      0       0       0        0.0%
BITBANK5           100      0       0      16        0.0%
BANK5              100      0       0      14        0.0%
BITBANK4           100      0       0      12        0.0%
BANK4              100      0       0      13        0.0%
BITBANK3           100      0       0      10        0.0%
BANK3              100      0       0      11        0.0%
BITBANK2           100      0       0       8        0.0%
BANK2              100      0       0       9        0.0%
BITBANK1           100      0       0       6        0.0%
BANK1              100      0       0       7        0.0%
BITBANK0            80      0       0       4        0.0%
BANK0               80      0       0       5        0.0%
BITCOMRAM           7E      0       0       0        0.0%
COMRAM              7E     11      35       1       42.1%
BITSFR               0      0       0     200        0.0%
SFR                  0      0       0     200        0.0%
STACK                0      0       0       2        0.0%
NULL                 0      0       0       0        0.0%
ABS                  0      0      35      15        0.0%
DATA                 0      0      35       3        0.0%
CODE                 0      0       0       0        0.0%


Microchip Technology PIC18 Macro Assembler V2.05 build -831301201 
Symbol Table                                                                                   Mon Dec 16 15:41:13 2019

                                                 ?_DIO_vdInit 0026  
                                                          l27 0230  
                                                 __CFG_BOR$ON 000000  
                                           _DIO_vdWriteDirPin 0064  
                                                __CFG_CP0$OFF 000000  
                                                __CFG_CP1$OFF 000000  
                                                __CFG_CP2$OFF 000000  
                                                __CFG_CP3$OFF 000000  
                                                 __CFG_OSC$XT 000000  
                                          ?_DIO_vdWriteDirPin 0021  
                                                         l119 0118  
                                                __CFG_CPB$OFF 000000  
                                                         u304 0084  
                                                         u305 007E  
                                                         u314 00A4  
                                                         u315 009E  
                                                         u334 00CC  
                                                         u335 00C6  
                                                         u344 00EC  
                                                         u345 00E6  
                                                __CFG_CPD$OFF 000000  
                                                         _ISR 0008  
                                                __CFG_BORV$20 000000  
                                                         tosl 000FFD  
                                                         wreg 000FE8  
                                         ??_DIO_vdWriteDirPin 0023  
                                                __CFG_LVP$OFF 000000  
                                                        ?_ISR 0017  
                                                __CFG_WDT$OFF 000000  
                                                        l1073 0090  
                                                        l1075 00B2  
                                                        l1083 00FA  
                                                        l1069 006A  
                                                        l1079 00D8  
                                                        _LED0 0010  
                                                        _BTN0 0009  
                                                __CFG_STVR$ON 000000  
                                                        _main 0206  
                                                        fsr2h 000FDA  
                                                        indf2 000FDF  
                                                        fsr1l 000FE1  
                                                        fsr2l 000FD9  
                                                        btemp 0036  
                                                        start 0060  
                                                ___param_bank 000000  
                                             LED_vdtoggle@led 001B  
                                   __end_of_DIO_vdWriteDirPin 011E  
                                                       ??_ISR 001D  
                                               __CFG_OSCS$OFF 000000  
                                                 ?_INT_vdinit 0017  
                                                       ?_main 0017  
                                                       i2l135 014A  
                                                       i2l137 0190  
                                               __CFG_PWRT$OFF 000000  
                                               __CFG_WRT0$OFF 000000  
                                               __CFG_WRT1$OFF 000000  
                                               __CFG_WRT2$OFF 000000  
                                               __CFG_WRT3$OFF 000000  
                                              __CFG_EBTR0$OFF 000000  
                                              __CFG_EBTR1$OFF 000000  
                                              __CFG_EBTR2$OFF 000000  
                                              __CFG_EBTR3$OFF 000000  
                                               __CFG_WRTB$OFF 000000  
                                               __CFG_WRTC$OFF 000000  
                                               __CFG_WRTD$OFF 000000  
                                              __CFG_EBTRB$OFF 000000  
                                         __size_of_DIO_vdInit 0034  
                                                       pclath 000FFA  
                                                       tablat 000FF5  
                                             _DIO_vdtogglePin 011E  
                                                       ttemp5 0037  
                                                       ttemp6 003A  
                                                       ttemp7 003E  
                                                       status 000FD8  
                                                       wtemp8 0037  
                                            _p_PORTAdirection 0005  
                                            _p_PORTBdirection 0001  
                                             __initialization 0198  
                                     ??_INT_vdSetINT1Callback 0023  
                                                __end_of_main 0234  
                                                      ??_main 0028  
                                               ?_LED_vdtoggle 001B  
                                               __activetblptr 000002  
                                             __CFG_CCP2MUX$ON 000000  
                                                      _INT0IF 007F91  
                                                      _INT1IF 007F80  
                                                      _INT2IF 007F81  
                                                      i2l1109 0044  
                                                      i2l1057 0124  
                                                      i2l1059 0172  
                                              __CFG_WDTPS$128 000000  
                                         __size_of_INT_vdinit 0014  
                                  __size_of_DIO_vdWriteDirPin 00BA  
                                                      clear_0 01BE  
                                              ??_LED_vdtoggle 001D  
                                                __pdataCOMRAM 0001  
                                     __end_of_DIO_vdtogglePin 0196  
                                                      tblptrh 000FF7  
                                                      tblptrl 000FF6  
                                                      tblptru 000FF8  
                                               DIO_vdInit@dev 0026  
                                                  __accesstop 0080  
                                     __end_of__initialization 01C4  
                                               ___rparam_used 000001  
                                              __pcstackCOMRAM 0017  
                                                ??_DIO_vdInit 0028  
                                            INT@callback_INT1 0032  
                                          __end_of_DIO_vdInit 0206  
                                      __size_of_callback_INT1 0012  
                                                ??_INT_vdinit 0021  
                                            ?_DIO_vdtogglePin 0017  
                                                     i2u27_44 0138  
                                                     i2u27_45 0132  
                                                     i2u28_44 015E  
                                                     i2u28_45 0158  
                                                     i2u37_48 0028  
                                                     i2u37_49 0040  
                                        __end_of_LED_vdtoggle 0258  
                                          __end_of_INT_vdinit 0282  
                                                     __Hparam 0000  
                                                     __Lparam 0000  
                              __size_of_INT_vdSetINT1Callback 000E  
                               __end_of_INT_vdSetINT1Callback 02A2  
                                                     __pcinit 0198  
                                                     __ramtop 0600  
                                                     __ptext0 0206  
                                                     __ptext1 026E  
                                                     __ptext2 0294  
                                                     __ptext3 01D2  
                                                     __ptext4 0064  
                                                     __ptext6 0282  
                                                     __ptext7 0234  
                                                     __ptext8 011E  
                                                     __ptext9 0000  
                                               _callback_INT0 0034  
                                               _callback_INT1 0282  
                                               _callback_INT2 0030  
                                                __size_of_ISR 0058  
                                        end_of_initialization 01C4  
                                               __Lmediumconst 0000  
                                                   _BTNstatus 0028  
                                                     postdec1 000FE5  
                                                     postinc0 000FEE  
                                              ?_callback_INT1 0017  
                                          DIO_vdtogglePin@pin 0017  
                                       DIO_vdWriteDirPin@data 0025  
                                               __pidataCOMRAM 0258  
                                       DIO_vdWriteDirPin@port 0021  
                                         start_initialization 0198  
                                                 __end_of_ISR 0060  
                                       __size_of_LED_vdtoggle 0024  
                                     INT_vdSetINT1Callback@pf 0021  
                                                 _p_PORTAdata 0007  
                                                 _p_PORTBdata 0003  
                                             ??_callback_INT1 001D  
                                                _LED_vdtoggle 0234  
                                                 __pbssCOMRAM 0028  
                                                   __pintcode 0008  
                                    __size_of_DIO_vdtogglePin 0078  
                                       _INT_vdSetINT1Callback 0294  
                                                 _INTCON1bits 000FF2  
                                                 _INTCON2bits 000FF1  
                                                 _INTCON3bits 000FF0  
                                        DIO_vdWriteDirPin@pin 0022  
                                                   copy_data0 01AC  
                                                    __Hrparam 0000  
                                                    __Lrparam 0000  
                                               __size_of_main 002E  
                                           ??_DIO_vdtogglePin 0018  
                                                  _DIO_vdInit 01D2  
                                                    int$flags 0036  
                                      ?_INT_vdSetINT1Callback 0021  
                                                    intlevel2 02A2  
                                       __end_of_callback_INT1 0294  
                                                  _INT_vdinit 026E  
                                         DIO_vdtogglePin@port 001A  
